
########################################################################################################

the happiest hour ever, 1-2pm on 31st December 2021 with an overall sentiment score of +3658.952144
the happiest day ever,31st December 2021 was the happiest day with an overall sentiment score of +30402.262571
the most active hour ever,12-1pm on 21st May 2022 had the most tweets (#39061)
the most active day ever,21st May 2022 had the most tweets (#424372)
--------------------------------------------------------------------------------------------------------
Time taken for processing the job is: 937.432 seconds

########################################################################################################

Job ID           : 58020522
Cluster          : spartan
User/Project     : sthanadanfra/comp90024
Nodes            : 2
Wall-clock time  : 00:15:42 / 01:00:00

Displaying overall resources usage from 2024-04-06 14:38:46 to 2024-04-06 14:54:28:

NODE            CPU#        TOT%   ( USR   / SYS   / WIO   / IDLE  ) 

spartan-bm002 : 
                CPU# 1    : 99.8   (  90.8 /   8.9 /   0.0 /   0.2 ) 
                CPU# 2    : 99.8   (  91.1 /   8.7 /   0.0 /   0.2 ) 
                CPU# 3    : 99.8   (  91.0 /   8.8 /   0.0 /   0.2 ) 
                CPU# 4    : 99.8   (  91.2 /   8.6 /   0.0 /   0.2 ) 

spartan-bm003 : 
                CPU# 5    : 98.9   (  91.0 /   7.9 /   0.0 /   1.1 ) 
                CPU# 6    : 98.9   (  90.8 /   8.0 /   0.0 /   1.1 ) 
                CPU# 7    : 98.9   (  90.8 /   8.1 /   0.0 /   1.1 ) 
                CPU# 8    : 98.9   (  91.0 /   7.9 /   0.0 /   1.1 ) 


Allocated CPUs            : 8    
  CPUs with usage <25%    : 0    
  CPUs with usage <50%    : 0    
  CPUs with usage >50%    : 8    

Memory used (RAM)         : 0.3%  [5MB of 1678MB]

--------------------------------------------

